<?xml version="1.0" encoding="UTF-8"?>
<!-- Generated by org.testng.reporters.JUnitReportReporter -->
<testsuite skipped="0" hostname="DESKTOP-FBIF53O" name="testCases.HomePageCourseTest" tests="4" failures="0" timestamp="06 Feb 2019 12:46:22 GMT" time="20.674" errors="0">
  <testcase name="Verifycoursecount" time="0.185" classname="testCases.HomePageCourseTest"/>
  <testcase name="Verifycoursetext" time="1.029" classname="testCases.HomePageCourseTest"/>
  <testcase name="Verifylinkworking" time="13.357" classname="testCases.HomePageCourseTest"/>
  <testcase name="Verifycoursesbutton" time="6.103" classname="testCases.HomePageCourseTest"/>
</testsuite> <!-- testCases.HomePageCourseTest -->
