<?xml version="1.0" encoding="UTF-8"?>
<!-- Generated by org.testng.reporters.JUnitReportReporter -->
<testsuite skipped="0" hostname="DESKTOP-FBIF53O" name="testCases.HomePagestatictextTest" tests="2" failures="0" timestamp="15 Jan 2019 18:06:07 GMT" time="13.805" errors="0">
  <testcase name="VerifyText" time="10.526" classname="testCases.HomePagestatictextTest"/>
  <testcase name="Verifyjoinowbutton" time="3.279" classname="testCases.HomePagestatictextTest"/>
</testsuite> <!-- testCases.HomePagestatictextTest -->
