<?xml version="1.0" encoding="UTF-8"?>
<!-- Generated by org.testng.reporters.JUnitReportReporter -->
<testsuite skipped="0" hostname="DESKTOP-FBIF53O" name="testCases.HomePageFooterTest" tests="3" failures="0" timestamp="15 Jan 2019 18:59:14 GMT" time="12.583" errors="0">
  <testcase name="Verifycoloricon" time="0.133" classname="testCases.HomePageFooterTest"/>
  <testcase name="Verifysubmitvalidationmsg" time="11.135" classname="testCases.HomePageFooterTest"/>
  <testcase name="Verifysubmit" time="1.315" classname="testCases.HomePageFooterTest"/>
</testsuite> <!-- testCases.HomePageFooterTest -->
