<?xml version="1.0" encoding="UTF-8"?>
<!-- Generated by org.testng.reporters.JUnitReportReporter -->
<testsuite skipped="0" hostname="DESKTOP-FBIF53O" name="testCases.HomePagePopupTest" tests="2" failures="0" timestamp="15 Jan 2019 18:06:07 GMT" time="10.413" errors="0">
  <testcase name="VerifyNoThanks" time="0.378" classname="testCases.HomePagePopupTest"/>
  <testcase name="Verifypopup" time="10.035" classname="testCases.HomePagePopupTest"/>
</testsuite> <!-- testCases.HomePagePopupTest -->
