<?xml version="1.0" encoding="UTF-8"?>
<!-- Generated by org.testng.reporters.JUnitReportReporter -->
<testsuite skipped="0" hostname="DESKTOP-FBIF53O" name="testCases.HomePageqouteTest" tests="1" failures="0" timestamp="24 Dec 2018 22:50:39 GMT" time="11.022" errors="0">
  <testcase name="Verifyqoute" time="11.022" classname="testCases.HomePageqouteTest"/>
</testsuite> <!-- testCases.HomePageqouteTest -->
