<?xml version="1.0" encoding="UTF-8"?>
<!-- Generated by org.testng.reporters.JUnitReportReporter -->
<testsuite skipped="0" hostname="DESKTOP-FBIF53O" name="testCases.HomePageHeaderTest" tests="1" failures="0" timestamp="15 Jan 2019 18:06:07 GMT" time="1.656" errors="0">
  <testcase name="youtubewindow" time="1.656" classname="testCases.HomePageHeaderTest"/>
</testsuite> <!-- testCases.HomePageHeaderTest -->
