<?xml version="1.0" encoding="UTF-8"?>
<!-- Generated by org.testng.reporters.JUnitReportReporter -->
<testsuite skipped="0" hostname="DESKTOP-FBIF53O" name="testCases.HomePagePopupSubscribeTest" tests="1" failures="0" timestamp="15 Jan 2019 18:06:07 GMT" time="10.983" errors="0">
  <testcase name="VerifySubscribe" time="10.983" classname="testCases.HomePagePopupSubscribeTest"/>
</testsuite> <!-- testCases.HomePagePopupSubscribeTest -->
